<?xml version="1.0" encoding="UTF-8"?>
<coverage generated="1741722613775" clover="3.2.0">
  <project timestamp="1741722613776" name="All files">
    <metrics statements="42" coveredstatements="40" conditionals="10" coveredconditionals="9" methods="17" coveredmethods="15" elements="69" coveredelements="64" complexity="0" loc="42" ncloc="42" packages="2" files="7" classes="7"/>
    <package name="src">
      <metrics statements="12" coveredstatements="11" conditionals="0" coveredconditionals="0" methods="5" coveredmethods="4"/>
      <file name="App.jsx" path="C:\Users\Abz Monster\Documents\careerfoundry\meet\src\App.jsx">
        <metrics statements="5" coveredstatements="4" conditionals="0" coveredconditionals="0" methods="2" coveredmethods="1"/>
        <line num="6" count="1" type="stmt"/>
        <line num="7" count="4" type="stmt"/>
        <line num="9" count="4" type="stmt"/>
        <line num="10" count="0" type="stmt"/>
        <line num="13" count="4" type="stmt"/>
      </file>
      <file name="api.js" path="C:\Users\Abz Monster\Documents\careerfoundry\meet\src\api.js">
        <metrics statements="6" coveredstatements="6" conditionals="0" coveredconditionals="0" methods="3" coveredmethods="3"/>
        <line num="11" count="2" type="stmt"/>
        <line num="12" count="66" type="stmt"/>
        <line num="13" count="2" type="stmt"/>
        <line num="14" count="2" type="stmt"/>
        <line num="21" count="2" type="stmt"/>
        <line num="22" count="3" type="stmt"/>
      </file>
      <file name="mock-data.js" path="C:\Users\Abz Monster\Documents\careerfoundry\meet\src\mock-data.js">
        <metrics statements="1" coveredstatements="1" conditionals="0" coveredconditionals="0" methods="0" coveredmethods="0"/>
        <line num="1" count="3" type="stmt"/>
      </file>
    </package>
    <package name="src.components">
      <metrics statements="30" coveredstatements="29" conditionals="10" coveredconditionals="9" methods="12" coveredmethods="11"/>
      <file name="CitySearch.jsx" path="C:\Users\Abz Monster\Documents\careerfoundry\meet\src\components\CitySearch.jsx">
        <metrics statements="17" coveredstatements="17" conditionals="4" coveredconditionals="3" methods="6" coveredmethods="6"/>
        <line num="3" count="2" type="stmt"/>
        <line num="4" count="27" type="stmt"/>
        <line num="5" count="27" type="stmt"/>
        <line num="6" count="27" type="stmt"/>
        <line num="8" count="27" type="stmt"/>
        <line num="9" count="12" type="stmt"/>
        <line num="10" count="12" type="cond" truecount="1" falsecount="1"/>
        <line num="12" count="36" type="stmt"/>
        <line num="16" count="12" type="stmt"/>
        <line num="17" count="12" type="stmt"/>
        <line num="20" count="27" type="stmt"/>
        <line num="21" count="1" type="stmt"/>
        <line num="22" count="1" type="stmt"/>
        <line num="23" count="1" type="stmt"/>
        <line num="26" count="27" type="stmt"/>
        <line num="33" count="3" type="stmt"/>
        <line num="39" count="12" type="stmt"/>
      </file>
      <file name="Event.jsx" path="C:\Users\Abz Monster\Documents\careerfoundry\meet\src\components\Event.jsx">
        <metrics statements="6" coveredstatements="6" conditionals="4" coveredconditionals="4" methods="2" coveredmethods="2"/>
        <line num="3" count="3" type="stmt"/>
        <line num="5" count="39" type="stmt"/>
        <line num="8" count="39" type="stmt"/>
        <line num="10" count="39" type="stmt"/>
        <line num="11" count="1" type="stmt"/>
        <line num="14" count="39" type="stmt"/>
      </file>
      <file name="EventList.jsx" path="C:\Users\Abz Monster\Documents\careerfoundry\meet\src\components\EventList.jsx">
        <metrics statements="3" coveredstatements="3" conditionals="2" coveredconditionals="2" methods="2" coveredmethods="2"/>
        <line num="4" count="2" type="stmt"/>
        <line num="5" count="7" type="stmt"/>
        <line num="8" count="33" type="stmt"/>
      </file>
      <file name="NumberOfEvents.js" path="C:\Users\Abz Monster\Documents\careerfoundry\meet\src\components\NumberOfEvents.js">
        <metrics statements="4" coveredstatements="3" conditionals="0" coveredconditionals="0" methods="2" coveredmethods="1"/>
        <line num="4" count="2" type="stmt"/>
        <line num="5" count="6" type="stmt"/>
        <line num="6" count="0" type="stmt"/>
        <line num="9" count="6" type="stmt"/>
      </file>
    </package>
  </project>
</coverage>
