{"C:\\Users\\Abz Monster\\Documents\\careerfoundry\\meet\\src\\App.jsx": {"path":"C:\\Users\\Abz Monster\\Documents\\careerfoundry\\meet\\src\\App.jsx","statementMap":{"0":{"start":{"line":6,"column":12},"end":{"line":23,"column":1}},"1":{"start":{"line":7,"column":46},"end":{"line":7,"column":58}},"2":{"start":{"line":9,"column":37},"end":{"line":11,"column":3}},"3":{"start":{"line":10,"column":4},"end":{"line":10,"column":29}},"4":{"start":{"line":13,"column":2},"end":{"line":22,"column":4}}},"fnMap":{"0":{"name":"(anonymous_0)","decl":{"start":{"line":6,"column":12},"end":{"line":6,"column":13}},"loc":{"start":{"line":6,"column":18},"end":{"line":23,"column":1}},"line":6},"1":{"name":"(anonymous_1)","decl":{"start":{"line":9,"column":37},"end":{"line":9,"column":38}},"loc":{"start":{"line":9,"column":48},"end":{"line":11,"column":3}},"line":9}},"branchMap":{},"s":{"0":1,"1":4,"2":4,"3":0,"4":4},"f":{"0":4,"1":0},"b":{},"_coverageSchema":"1a1c01bbd47fc00a2c39e90264f33305004495a9","hash":"97018c1b3d2a32d2d0ec2a222030b8e857f6f97f"}
,"C:\\Users\\Abz Monster\\Documents\\careerfoundry\\meet\\src\\api.js": {"path":"C:\\Users\\Abz Monster\\Documents\\careerfoundry\\meet\\src\\api.js","statementMap":{"0":{"start":{"line":11,"column":32},"end":{"line":15,"column":1}},"1":{"start":{"line":12,"column":29},"end":{"line":12,"column":66}},"2":{"start":{"line":12,"column":51},"end":{"line":12,"column":65}},"3":{"start":{"line":13,"column":20},"end":{"line":13,"column":52}},"4":{"start":{"line":14,"column":2},"end":{"line":14,"column":19}},"5":{"start":{"line":21,"column":25},"end":{"line":23,"column":1}},"6":{"start":{"line":22,"column":2},"end":{"line":22,"column":18}}},"fnMap":{"0":{"name":"(anonymous_0)","decl":{"start":{"line":11,"column":32},"end":{"line":11,"column":33}},"loc":{"start":{"line":11,"column":44},"end":{"line":15,"column":1}},"line":11},"1":{"name":"(anonymous_1)","decl":{"start":{"line":12,"column":40},"end":{"line":12,"column":41}},"loc":{"start":{"line":12,"column":51},"end":{"line":12,"column":65}},"line":12},"2":{"name":"(anonymous_2)","decl":{"start":{"line":21,"column":25},"end":{"line":21,"column":26}},"loc":{"start":{"line":21,"column":37},"end":{"line":23,"column":1}},"line":21}},"branchMap":{},"s":{"0":2,"1":2,"2":66,"3":2,"4":2,"5":2,"6":3},"f":{"0":2,"1":66,"2":3},"b":{},"_coverageSchema":"1a1c01bbd47fc00a2c39e90264f33305004495a9","hash":"634c664330d201962ca8d1e75f5b9f455a9e0aac"}
,"C:\\Users\\Abz Monster\\Documents\\careerfoundry\\meet\\src\\mock-data.js": {"path":"C:\\Users\\Abz Monster\\Documents\\careerfoundry\\meet\\src\\mock-data.js","statementMap":{"0":{"start":{"line":1,"column":17},"end":{"line":1392,"column":1}}},"fnMap":{},"branchMap":{},"s":{"0":3},"f":{},"b":{},"_coverageSchema":"1a1c01bbd47fc00a2c39e90264f33305004495a9","hash":"b5c7e0f5ffd99b3002893f2ec5eab838c2e41b68"}
,"C:\\Users\\Abz Monster\\Documents\\careerfoundry\\meet\\src\\components\\CitySearch.jsx": {"path":"C:\\Users\\Abz Monster\\Documents\\careerfoundry\\meet\\src\\components\\CitySearch.jsx","statementMap":{"0":{"start":{"line":3,"column":19},"end":{"line":52,"column":1}},"1":{"start":{"line":4,"column":48},"end":{"line":4,"column":63}},"2":{"start":{"line":5,"column":28},"end":{"line":5,"column":40}},"3":{"start":{"line":6,"column":40},"end":{"line":6,"column":52}},"4":{"start":{"line":8,"column":29},"end":{"line":18,"column":3}},"5":{"start":{"line":9,"column":18},"end":{"line":9,"column":36}},"6":{"start":{"line":10,"column":30},"end":{"line":14,"column":10}},"7":{"start":{"line":12,"column":10},"end":{"line":12,"column":74}},"8":{"start":{"line":16,"column":4},"end":{"line":16,"column":20}},"9":{"start":{"line":17,"column":4},"end":{"line":17,"column":38}},"10":{"start":{"line":20,"column":28},"end":{"line":24,"column":3}},"11":{"start":{"line":21,"column":18},"end":{"line":21,"column":42}},"12":{"start":{"line":22,"column":4},"end":{"line":22,"column":20}},"13":{"start":{"line":23,"column":4},"end":{"line":23,"column":30}},"14":{"start":{"line":26,"column":2},"end":{"line":51,"column":4}},"15":{"start":{"line":33,"column":23},"end":{"line":33,"column":47}},"16":{"start":{"line":39,"column":12},"end":{"line":43,"column":14}}},"fnMap":{"0":{"name":"(anonymous_0)","decl":{"start":{"line":3,"column":19},"end":{"line":3,"column":20}},"loc":{"start":{"line":3,"column":41},"end":{"line":52,"column":1}},"line":3},"1":{"name":"(anonymous_1)","decl":{"start":{"line":8,"column":29},"end":{"line":8,"column":30}},"loc":{"start":{"line":8,"column":40},"end":{"line":18,"column":3}},"line":8},"2":{"name":"(anonymous_2)","decl":{"start":{"line":11,"column":28},"end":{"line":11,"column":29}},"loc":{"start":{"line":11,"column":42},"end":{"line":13,"column":9}},"line":11},"3":{"name":"(anonymous_3)","decl":{"start":{"line":20,"column":28},"end":{"line":20,"column":29}},"loc":{"start":{"line":20,"column":39},"end":{"line":24,"column":3}},"line":20},"4":{"name":"(anonymous_4)","decl":{"start":{"line":33,"column":17},"end":{"line":33,"column":18}},"loc":{"start":{"line":33,"column":23},"end":{"line":33,"column":47}},"line":33},"5":{"name":"(anonymous_5)","decl":{"start":{"line":38,"column":27},"end":{"line":38,"column":28}},"loc":{"start":{"line":38,"column":43},"end":{"line":44,"column":11}},"line":38}},"branchMap":{"0":{"loc":{"start":{"line":10,"column":30},"end":{"line":14,"column":10}},"type":"cond-expr","locations":[{"start":{"line":11,"column":8},"end":{"line":13,"column":10}},{"start":{"line":14,"column":8},"end":{"line":14,"column":10}}],"line":10},"1":{"loc":{"start":{"line":36,"column":7},"end":{"line":49,"column":14}},"type":"cond-expr","locations":[{"start":{"line":37,"column":8},"end":{"line":48,"column":13}},{"start":{"line":49,"column":10},"end":{"line":49,"column":14}}],"line":36}},"s":{"0":2,"1":27,"2":27,"3":27,"4":27,"5":12,"6":12,"7":36,"8":12,"9":12,"10":27,"11":1,"12":1,"13":1,"14":27,"15":3,"16":12},"f":{"0":27,"1":12,"2":36,"3":1,"4":3,"5":12},"b":{"0":[12,0],"1":[15,12]},"_coverageSchema":"1a1c01bbd47fc00a2c39e90264f33305004495a9","hash":"5569fa7a35f6e454d8f7d1f8d027d24d52a9fcde"}
,"C:\\Users\\Abz Monster\\Documents\\careerfoundry\\meet\\src\\components\\Event.jsx": {"path":"C:\\Users\\Abz Monster\\Documents\\careerfoundry\\meet\\src\\components\\Event.jsx","statementMap":{"0":{"start":{"line":3,"column":14},"end":{"line":28,"column":1}},"1":{"start":{"line":5,"column":40},"end":{"line":5,"column":55}},"2":{"start":{"line":8,"column":20},"end":{"line":8,"column":67}},"3":{"start":{"line":10,"column":30},"end":{"line":12,"column":3}},"4":{"start":{"line":11,"column":4},"end":{"line":11,"column":33}},"5":{"start":{"line":14,"column":2},"end":{"line":27,"column":4}}},"fnMap":{"0":{"name":"(anonymous_0)","decl":{"start":{"line":3,"column":14},"end":{"line":3,"column":15}},"loc":{"start":{"line":3,"column":29},"end":{"line":28,"column":1}},"line":3},"1":{"name":"(anonymous_1)","decl":{"start":{"line":10,"column":30},"end":{"line":10,"column":31}},"loc":{"start":{"line":10,"column":36},"end":{"line":12,"column":3}},"line":10}},"branchMap":{"0":{"loc":{"start":{"line":22,"column":9},"end":{"line":22,"column":54}},"type":"cond-expr","locations":[{"start":{"line":22,"column":23},"end":{"line":22,"column":37}},{"start":{"line":22,"column":40},"end":{"line":22,"column":54}}],"line":22},"1":{"loc":{"start":{"line":25,"column":7},"end":{"line":25,"column":48}},"type":"binary-expr","locations":[{"start":{"line":25,"column":7},"end":{"line":25,"column":18}},{"start":{"line":25,"column":22},"end":{"line":25,"column":48}}],"line":25}},"s":{"0":3,"1":39,"2":39,"3":39,"4":1,"5":39},"f":{"0":39,"1":1},"b":{"0":[1,38],"1":[39,1]},"_coverageSchema":"1a1c01bbd47fc00a2c39e90264f33305004495a9","hash":"37bee24fd3915a970c8ff9f39c64226f71b058dd"}
,"C:\\Users\\Abz Monster\\Documents\\careerfoundry\\meet\\src\\components\\EventList.jsx": {"path":"C:\\Users\\Abz Monster\\Documents\\careerfoundry\\meet\\src\\components\\EventList.jsx","statementMap":{"0":{"start":{"line":4,"column":18},"end":{"line":12,"column":1}},"1":{"start":{"line":5,"column":2},"end":{"line":11,"column":4}},"2":{"start":{"line":8,"column":32},"end":{"line":8,"column":70}}},"fnMap":{"0":{"name":"(anonymous_0)","decl":{"start":{"line":4,"column":18},"end":{"line":4,"column":19}},"loc":{"start":{"line":4,"column":34},"end":{"line":12,"column":1}},"line":4},"1":{"name":"(anonymous_1)","decl":{"start":{"line":8,"column":21},"end":{"line":8,"column":22}},"loc":{"start":{"line":8,"column":32},"end":{"line":8,"column":70}},"line":8}},"branchMap":{"0":{"loc":{"start":{"line":7,"column":7},"end":{"line":9,"column":14}},"type":"cond-expr","locations":[{"start":{"line":8,"column":10},"end":{"line":8,"column":71}},{"start":{"line":9,"column":10},"end":{"line":9,"column":14}}],"line":7}},"s":{"0":2,"1":7,"2":33},"f":{"0":7,"1":33},"b":{"0":[1,6]},"_coverageSchema":"1a1c01bbd47fc00a2c39e90264f33305004495a9","hash":"8261c93243aa8ca7f63cb68165a358a3370456ab"}
,"C:\\Users\\Abz Monster\\Documents\\careerfoundry\\meet\\src\\components\\NumberOfEvents.js": {"path":"C:\\Users\\Abz Monster\\Documents\\careerfoundry\\meet\\src\\components\\NumberOfEvents.js","statementMap":{"0":{"start":{"line":4,"column":23},"end":{"line":14,"column":1}},"1":{"start":{"line":5,"column":23},"end":{"line":7,"column":3}},"2":{"start":{"line":6,"column":4},"end":{"line":6,"column":47}},"3":{"start":{"line":9,"column":2},"end":{"line":13,"column":4}}},"fnMap":{"0":{"name":"(anonymous_0)","decl":{"start":{"line":4,"column":23},"end":{"line":4,"column":24}},"loc":{"start":{"line":4,"column":71},"end":{"line":14,"column":1}},"line":4},"1":{"name":"(anonymous_1)","decl":{"start":{"line":5,"column":23},"end":{"line":5,"column":24}},"loc":{"start":{"line":5,"column":34},"end":{"line":7,"column":3}},"line":5}},"branchMap":{},"s":{"0":2,"1":6,"2":0,"3":6},"f":{"0":6,"1":0},"b":{},"_coverageSchema":"1a1c01bbd47fc00a2c39e90264f33305004495a9","hash":"59cbd0ae42c49cfde1c9241606039fb4210339c6"}
}
