TN:
SF:src\App.jsx
FN:11,(anonymous_0)
FN:19,(anonymous_1)
FN:23,(anonymous_2)
FN:28,(anonymous_3)
FNF:4
FNH:4
FNDA:37,(anonymous_0)
FNDA:18,(anonymous_1)
FNDA:18,(anonymous_2)
FNDA:64,(anonymous_3)
DA:11,6
DA:12,37
DA:13,33
DA:14,33
DA:15,33
DA:16,33
DA:17,33
DA:19,33
DA:20,18
DA:23,33
DA:24,18
DA:26,18
DA:28,64
DA:29,18
DA:30,18
DA:33,33
LF:16
LH:16
BRDA:26,0,0,16
BRDA:26,0,1,2
BRDA:36,1,0,0
BRDA:36,1,1,33
BRDA:37,2,0,4
BRDA:37,2,1,29
BRF:6
BRH:5
end_of_record
TN:
SF:src\api.js
FN:3,(anonymous_0)
FN:19,(anonymous_1)
FN:20,(anonymous_2)
FN:29,(anonymous_3)
FN:60,(anonymous_4)
FN:81,(anonymous_5)
FN:97,(anonymous_6)
FNF:7
FNH:3
FNDA:0,(anonymous_0)
FNDA:21,(anonymous_1)
FNDA:672,(anonymous_2)
FNDA:30,(anonymous_3)
FNDA:0,(anonymous_4)
FNDA:0,(anonymous_5)
FNDA:0,(anonymous_6)
DA:3,7
DA:4,0
DA:7,0
DA:8,0
DA:19,7
DA:20,672
DA:21,21
DA:22,21
DA:29,7
DA:30,30
DA:31,30
DA:33,0
DA:35,0
DA:36,0
DA:38,0
DA:41,0
DA:42,0
DA:43,0
DA:44,0
DA:46,0
DA:60,7
DA:61,0
DA:62,0
DA:64,0
DA:65,0
DA:66,0
DA:67,0
DA:68,0
DA:69,0
DA:72,0
DA:73,0
DA:74,0
DA:76,0
DA:78,0
DA:81,7
DA:82,0
DA:83,0
DA:88,0
DA:89,0
DA:90,0
DA:94,0
DA:97,7
DA:99,0
DA:100,0
DA:105,0
DA:107,0
DA:108,0
LF:47
LH:11
BRDA:29,0,0,30
BRDA:30,1,0,30
BRDA:30,1,1,0
BRDA:35,2,0,0
BRDA:35,2,1,0
BRDA:43,3,0,0
BRDA:43,3,1,0
BRDA:43,4,0,0
BRDA:43,4,1,0
BRDA:62,5,0,0
BRDA:62,5,1,0
BRDA:64,6,0,0
BRDA:64,6,1,0
BRDA:64,7,0,0
BRDA:64,7,1,0
BRDA:68,8,0,0
BRDA:68,8,1,0
BRDA:76,9,0,0
BRDA:76,9,1,0
BRDA:89,10,0,0
BRDA:89,10,1,0
BRDA:99,11,0,0
BRDA:99,11,1,0
BRDA:99,12,0,0
BRDA:99,12,1,0
BRF:25
BRH:2
end_of_record
TN:
SF:src\mock-data.js
FNF:0
FNH:0
DA:1,8
LF:1
LH:1
BRF:0
BRH:0
end_of_record
TN:
SF:src\components\Alert.jsx
FN:4,(anonymous_0)
FN:9,(anonymous_1)
FN:24,(anonymous_2)
FN:34,(anonymous_3)
FN:42,(anonymous_4)
FNF:5
FNH:3
FNDA:8,(anonymous_0)
FNDA:0,(anonymous_1)
FNDA:8,(anonymous_2)
FNDA:0,(anonymous_3)
FNDA:8,(anonymous_4)
DA:5,8
DA:6,8
DA:7,8
DA:9,8
DA:10,0
DA:25,8
DA:35,0
DA:36,0
DA:37,0
DA:43,8
DA:44,8
DA:45,8
LF:12
LH:8
BRF:0
BRH:0
end_of_record
TN:
SF:src\components\CitySearch.jsx
FN:3,(anonymous_0)
FN:8,(anonymous_1)
FN:12,(anonymous_2)
FN:15,(anonymous_3)
FN:33,(anonymous_4)
FN:48,(anonymous_5)
FN:53,(anonymous_6)
FNF:7
FNH:7
FNDA:108,(anonymous_0)
FNDA:30,(anonymous_1)
FNDA:30,(anonymous_2)
FNDA:60,(anonymous_3)
FNDA:3,(anonymous_4)
FNDA:7,(anonymous_5)
FNDA:42,(anonymous_6)
DA:3,6
DA:4,108
DA:5,108
DA:6,108
DA:8,108
DA:9,30
DA:12,108
DA:13,30
DA:14,30
DA:16,60
DA:19,30
DA:20,30
DA:24,30
DA:25,0
DA:28,30
DA:30,30
DA:33,108
DA:34,3
DA:35,3
DA:36,3
DA:37,3
DA:38,3
DA:41,108
DA:48,7
DA:54,42
LF:25
LH:24
BRDA:14,0,0,30
BRDA:14,0,1,0
BRDA:24,1,0,0
BRDA:24,1,1,30
BRDA:51,2,0,39
BRDA:51,2,1,69
BRF:6
BRH:4
end_of_record
TN:
SF:src\components\Event.jsx
FN:3,(anonymous_0)
FN:15,(anonymous_1)
FNF:2
FNH:2
FNDA:466,(anonymous_0)
FNDA:3,(anonymous_1)
DA:3,7
DA:4,466
DA:5,466
DA:16,3
LF:4
LH:4
BRDA:7,0,0,466
BRDA:7,0,1,466
BRDA:8,1,0,466
BRDA:8,1,1,466
BRDA:9,2,0,466
BRDA:9,2,1,466
BRDA:10,3,0,2
BRDA:10,3,1,464
BRDA:11,4,0,2
BRDA:11,4,1,2
BRDA:16,5,0,1
BRDA:16,5,1,2
BRDA:19,6,0,2
BRDA:19,6,1,464
BRF:14
BRH:14
end_of_record
TN:
SF:src\components\EventList.jsx
FN:4,(anonymous_0)
FN:8,(anonymous_1)
FNF:2
FNH:2
FNDA:36,(anonymous_0)
FNDA:457,(anonymous_1)
DA:4,6
DA:5,36
DA:8,457
LF:3
LH:3
BRDA:7,0,0,34
BRDA:7,0,1,2
BRF:2
BRH:2
end_of_record
TN:
SF:src\components\NumberOfEvents.jsx
FN:3,(anonymous_0)
FN:6,(anonymous_1)
FNF:2
FNH:2
FNDA:55,(anonymous_0)
FNDA:19,(anonymous_1)
DA:3,7
DA:4,55
DA:6,55
DA:7,19
DA:11,19
DA:12,15
DA:15,15
DA:17,4
DA:18,4
DA:21,19
DA:24,55
LF:11
LH:11
BRDA:11,0,0,15
BRDA:11,0,1,4
BRDA:11,1,0,19
BRDA:11,1,1,7
BRDA:11,1,2,4
BRF:5
BRH:5
end_of_record
