TN:
SF:src\App.jsx
FN:12,(anonymous_0)
FN:21,(anonymous_1)
FN:32,(anonymous_2)
FN:37,(anonymous_3)
FNF:4
FNH:4
FNDA:40,(anonymous_0)
FNDA:18,(anonymous_1)
FNDA:18,(anonymous_2)
FNDA:64,(anonymous_3)
DA:12,6
DA:13,40
DA:14,36
DA:15,36
DA:16,36
DA:17,36
DA:18,36
DA:19,36
DA:21,36
DA:22,18
DA:23,18
DA:25,0
DA:29,18
DA:32,36
DA:33,18
DA:35,18
DA:37,64
DA:38,18
DA:39,18
DA:42,36
LF:20
LH:19
BRDA:22,0,0,18
BRDA:22,0,1,0
BRDA:35,1,0,16
BRDA:35,1,1,2
BRDA:46,2,0,0
BRDA:46,2,1,36
BRDA:47,3,0,4
BRDA:47,3,1,32
BRDA:48,4,0,0
BRDA:48,4,1,36
BRF:10
BRH:7
end_of_record
TN:
SF:src\api.js
FN:4,(anonymous_0)
FN:20,(anonymous_1)
FN:21,(anonymous_2)
FN:30,(anonymous_3)
FN:72,(anonymous_4)
FN:93,(anonymous_5)
FN:109,(anonymous_6)
FNF:7
FNH:3
FNDA:0,(anonymous_0)
FNDA:21,(anonymous_1)
FNDA:672,(anonymous_2)
FNDA:30,(anonymous_3)
FNDA:0,(anonymous_4)
FNDA:0,(anonymous_5)
FNDA:0,(anonymous_6)
DA:4,7
DA:5,0
DA:8,0
DA:9,0
DA:20,7
DA:21,672
DA:22,21
DA:23,21
DA:30,7
DA:31,30
DA:32,30
DA:35,0
DA:36,0
DA:37,0
DA:38,0
DA:41,0
DA:43,0
DA:44,0
DA:46,0
DA:49,0
DA:50,0
DA:54,0
DA:55,0
DA:56,0
DA:57,0
DA:58,0
DA:72,7
DA:73,0
DA:74,0
DA:76,0
DA:77,0
DA:78,0
DA:79,0
DA:80,0
DA:81,0
DA:84,0
DA:85,0
DA:86,0
DA:88,0
DA:90,0
DA:93,7
DA:94,0
DA:95,0
DA:100,0
DA:101,0
DA:102,0
DA:106,0
DA:109,7
DA:111,0
DA:112,0
DA:117,0
DA:119,0
DA:120,0
LF:53
LH:11
BRDA:30,0,0,30
BRDA:31,1,0,30
BRDA:31,1,1,0
BRDA:35,2,0,0
BRDA:35,2,1,0
BRDA:38,3,0,0
BRDA:38,3,1,0
BRDA:43,4,0,0
BRDA:43,4,1,0
BRDA:54,5,0,0
BRDA:54,5,1,0
BRDA:74,6,0,0
BRDA:74,6,1,0
BRDA:76,7,0,0
BRDA:76,7,1,0
BRDA:76,8,0,0
BRDA:76,8,1,0
BRDA:80,9,0,0
BRDA:80,9,1,0
BRDA:88,10,0,0
BRDA:88,10,1,0
BRDA:101,11,0,0
BRDA:101,11,1,0
BRDA:111,12,0,0
BRDA:111,12,1,0
BRDA:111,13,0,0
BRDA:111,13,1,0
BRF:27
BRH:2
end_of_record
TN:
SF:src\mock-data.js
FNF:0
FNH:0
DA:1,8
LF:1
LH:1
BRF:0
BRH:0
end_of_record
TN:
SF:src\components\Alert.jsx
FN:4,(anonymous_0)
FN:9,(anonymous_1)
FN:24,(anonymous_2)
FN:34,(anonymous_3)
FN:42,(anonymous_4)
FN:50,(anonymous_5)
FNF:6
FNH:3
FNDA:8,(anonymous_0)
FNDA:0,(anonymous_1)
FNDA:8,(anonymous_2)
FNDA:0,(anonymous_3)
FNDA:8,(anonymous_4)
FNDA:0,(anonymous_5)
DA:5,8
DA:6,8
DA:7,8
DA:9,8
DA:10,0
DA:25,8
DA:35,0
DA:36,0
DA:37,0
DA:43,8
DA:44,8
DA:45,8
DA:51,0
DA:52,0
DA:53,0
LF:15
LH:8
BRF:0
BRH:0
end_of_record
TN:
SF:src\components\CityEventsChart.jsx
FN:12,(anonymous_0)
FN:15,(anonymous_1)
FN:20,(anonymous_2)
FN:21,(anonymous_3)
FN:23,(anonymous_4)
FNF:5
FNH:5
FNDA:57,(anonymous_0)
FNDA:26,(anonymous_1)
FNDA:26,(anonymous_2)
FNDA:22,(anonymous_3)
FNDA:582,(anonymous_4)
DA:12,6
DA:13,57
DA:15,57
DA:16,26
DA:20,57
DA:21,26
DA:22,22
DA:23,582
DA:25,22
DA:26,22
DA:28,26
DA:31,57
LF:12
LH:12
BRF:0
BRH:0
end_of_record
TN:
SF:src\components\CitySearch.jsx
FN:3,(anonymous_0)
FN:8,(anonymous_1)
FN:12,(anonymous_2)
FN:15,(anonymous_3)
FN:33,(anonymous_4)
FN:48,(anonymous_5)
FN:53,(anonymous_6)
FNF:7
FNH:7
FNDA:107,(anonymous_0)
FNDA:30,(anonymous_1)
FNDA:30,(anonymous_2)
FNDA:60,(anonymous_3)
FNDA:3,(anonymous_4)
FNDA:7,(anonymous_5)
FNDA:42,(anonymous_6)
DA:3,6
DA:4,107
DA:5,107
DA:6,107
DA:8,107
DA:9,30
DA:12,107
DA:13,30
DA:14,30
DA:16,60
DA:19,30
DA:20,30
DA:24,30
DA:25,0
DA:28,30
DA:30,30
DA:33,107
DA:34,3
DA:35,3
DA:36,3
DA:37,3
DA:38,3
DA:41,107
DA:48,7
DA:54,42
LF:25
LH:24
BRDA:14,0,0,30
BRDA:14,0,1,0
BRDA:24,1,0,0
BRDA:24,1,1,30
BRDA:51,2,0,39
BRDA:51,2,1,68
BRF:6
BRH:4
end_of_record
TN:
SF:src\components\Event.jsx
FN:3,(anonymous_0)
FN:15,(anonymous_1)
FNF:2
FNH:2
FNDA:466,(anonymous_0)
FNDA:3,(anonymous_1)
DA:3,7
DA:4,466
DA:5,466
DA:16,3
LF:4
LH:4
BRDA:7,0,0,466
BRDA:7,0,1,466
BRDA:8,1,0,466
BRDA:8,1,1,466
BRDA:9,2,0,466
BRDA:9,2,1,466
BRDA:10,3,0,2
BRDA:10,3,1,464
BRDA:11,4,0,2
BRDA:11,4,1,2
BRDA:16,5,0,1
BRDA:16,5,1,2
BRDA:19,6,0,2
BRDA:19,6,1,464
BRF:14
BRH:14
end_of_record
TN:
SF:src\components\EventList.jsx
FN:4,(anonymous_0)
FN:8,(anonymous_1)
FNF:2
FNH:2
FNDA:36,(anonymous_0)
FNDA:457,(anonymous_1)
DA:4,6
DA:5,36
DA:8,457
LF:3
LH:3
BRDA:7,0,0,34
BRDA:7,0,1,2
BRF:2
BRH:2
end_of_record
TN:
SF:src\components\NumberOfEvents.jsx
FN:3,(anonymous_0)
FN:6,(anonymous_1)
FNF:2
FNH:2
FNDA:55,(anonymous_0)
FNDA:19,(anonymous_1)
DA:3,7
DA:4,55
DA:6,55
DA:7,19
DA:11,19
DA:12,15
DA:15,15
DA:17,4
DA:18,4
DA:21,19
DA:24,55
LF:11
LH:11
BRDA:11,0,0,15
BRDA:11,0,1,4
BRDA:11,1,0,19
BRDA:11,1,1,7
BRDA:11,1,2,4
BRF:5
BRH:5
end_of_record
